<?xml version="1.0" encoding="UTF-8"?>
<!-- Generated by org.testng.reporters.JUnitReportReporter -->
<testsuite hostname="Santhosh-E4310" name="com.projectname.scripts.Spilt" tests="1" failures="0" timestamp="17 Jun 2014 09:12:22 GMT" time="0.025" errors="0">
  <testcase name="spilt" time="0.025" classname="com.projectname.scripts.Spilt"/>
</testsuite> <!-- com.projectname.scripts.Spilt -->
